<?xml version="1.0" encoding="UTF-8"?>
<testng-results skipped="0" failed="0" ignored="0" total="1" passed="1">
  <reporter-output>
  </reporter-output>
  <suite name="Default suite" duration-ms="2040" started-at="2020-08-30T22:29:16 BST" finished-at="2020-08-30T22:29:18 BST">
    <groups>
    </groups>
    <test name="Default test" duration-ms="2040" started-at="2020-08-30T22:29:16 BST" finished-at="2020-08-30T22:29:18 BST">
      <class name="Files.DynamicJson">
        <test-method status="PASS" signature="addBook()[pri:0, instance:Files.DynamicJson@2a17b7b6]" name="addBook" duration-ms="2011" started-at="2020-08-30T22:29:16 BST" finished-at="2020-08-30T22:29:18 BST">
          <reporter-output>
          </reporter-output>
        </test-method> <!-- addBook -->
      </class> <!-- Files.DynamicJson -->
    </test> <!-- Default test -->
  </suite> <!-- Default suite -->
</testng-results>
